<?xml version="1.0" encoding="UTF-8"?>
<!-- Generated by org.testng.reporters.JUnitXMLReporter -->
<testsuite ignored="4" hostname="C6-LAB-082" failures="0" tests="22" name="Test" time="0.1" errors="0" timestamp="2024-11-21T14:24:01 IST">
  <testcase classname="base.magentoBase" name="@BeforeSuite setup" time="8.502">
    <failure type="org.openqa.selenium.TimeoutException" message="timeout: Timed out receiving message from renderer: 5.423
  (Session info: chrome=131.0.6778.70)
Build info: version: &amp;apos;4.23.1&amp;apos;, revision: &amp;apos;656257d8e9&amp;apos;
System info: os.name: &amp;apos;Windows 10&amp;apos;, os.arch: &amp;apos;amd64&amp;apos;, os.version: &amp;apos;10.0&amp;apos;, java.version: &amp;apos;17.0.7&amp;apos;
Driver info: org.openqa.selenium.chrome.ChromeDriver
Command: [8155542753dab19c0ee0f3effca7ac22, get {url=https://magento.softwaretestingboard.com/}]
Capabilities {acceptInsecureCerts: false, browserName: chrome, browserVersion: 131.0.6778.70, chrome: {chromedriverVersion: 131.0.6778.85 (3d81e41b6f3a..., userDataDir: C:\WINDOWS\SystemTemp\scope...}, fedcm:accounts: true, goog:chromeOptions: {debuggerAddress: localhost:62076}, networkConnectionEnabled: false, pageLoadStrategy: normal, platformName: windows, proxy: Proxy(), se:cdp: ws://localhost:62076/devtoo..., se:cdpVersion: 131.0.6778.70, setWindowRect: true, strictFileInteractability: false, timeouts: {implicit: 0, pageLoad: 300000, script: 30000}, unhandledPromptBehavior: dismiss and notify, webauthn:extension:credBlob: true, webauthn:extension:largeBlob: true, webauthn:extension:minPinLength: true, webauthn:extension:prf: true, webauthn:virtualAuthenticators: true}
Session ID: 8155542753dab19c0ee0f3effca7ac22">
      <![CDATA[org.openqa.selenium.TimeoutException: timeout: Timed out receiving message from renderer: 5.423
  (Session info: chrome=131.0.6778.70)
Build info: version: '4.23.1', revision: '656257d8e9'
System info: os.name: 'Windows 10', os.arch: 'amd64', os.version: '10.0', java.version: '17.0.7'
Driver info: org.openqa.selenium.chrome.ChromeDriver
Command: [8155542753dab19c0ee0f3effca7ac22, get {url=https://magento.softwaretestingboard.com/}]
Capabilities {acceptInsecureCerts: false, browserName: chrome, browserVersion: 131.0.6778.70, chrome: {chromedriverVersion: 131.0.6778.85 (3d81e41b6f3a..., userDataDir: C:\WINDOWS\SystemTemp\scope...}, fedcm:accounts: true, goog:chromeOptions: {debuggerAddress: localhost:62076}, networkConnectionEnabled: false, pageLoadStrategy: normal, platformName: windows, proxy: Proxy(), se:cdp: ws://localhost:62076/devtoo..., se:cdpVersion: 131.0.6778.70, setWindowRect: true, strictFileInteractability: false, timeouts: {implicit: 0, pageLoad: 300000, script: 30000}, unhandledPromptBehavior: dismiss and notify, webauthn:extension:credBlob: true, webauthn:extension:largeBlob: true, webauthn:extension:minPinLength: true, webauthn:extension:prf: true, webauthn:virtualAuthenticators: true}
Session ID: 8155542753dab19c0ee0f3effca7ac22
at org.openqa.selenium.remote.ErrorCodec.decode(ErrorCodec.java:167)
at org.openqa.selenium.remote.codec.w3c.W3CHttpResponseCodec.decode(W3CHttpResponseCodec.java:138)
at org.openqa.selenium.remote.codec.w3c.W3CHttpResponseCodec.decode(W3CHttpResponseCodec.java:50)
at org.openqa.selenium.remote.HttpCommandExecutor.execute(HttpCommandExecutor.java:190)
at org.openqa.selenium.remote.service.DriverCommandExecutor.invokeExecute(DriverCommandExecutor.java:216)
at org.openqa.selenium.remote.service.DriverCommandExecutor.execute(DriverCommandExecutor.java:174)
at org.openqa.selenium.remote.RemoteWebDriver.execute(RemoteWebDriver.java:545)
at org.openqa.selenium.remote.RemoteWebDriver.get(RemoteWebDriver.java:313)
at base.magentoBase.initialize(magentoBase.java:112)
at base.magentoBase.setup(magentoBase.java:60)
... Removed 24 stack frames]]>
    </failure>
  </testcase> <!-- @BeforeSuite setup -->
  <testcase classname="base.magentoBase" name="@BeforeClass navigateToCreateNewCustomerAccountPage" time="0.0">
    <skipped/>
  </testcase> <!-- @BeforeClass navigateToCreateNewCustomerAccountPage -->
  <testcase classname="base.magentoBase" name="@BeforeClass navigateToCreateNewCustomerAccountPage" time="0.0">
    <skipped/>
  </testcase> <!-- @BeforeClass navigateToCreateNewCustomerAccountPage -->
  <testcase classname="base.magentoBase" name="@BeforeClass navigateToCreateNewCustomerAccountPage" time="0.0">
    <skipped/>
  </testcase> <!-- @BeforeClass navigateToCreateNewCustomerAccountPage -->
  <testcase classname="Magento.TestCases.TC01_HomePageTest" name="HomePageTitleTest" time="0.0">
    <skipped/>
  </testcase> <!-- HomePageTitleTest -->
  <testcase classname="Magento.TestCases.TC01_HomePageTest" name="HomePageTest" time="0.0">
    <skipped/>
  </testcase> <!-- HomePageTest -->
  <testcase classname="Magento.TestCases.TC01_HomePageTest" name="ApplogoTest" time="0.0">
    <skipped/>
  </testcase> <!-- ApplogoTest -->
  <testcase classname="Magento.TestCases.TC01_HomePageTest" name="NavBarlinksCountTest" time="0.0">
    <skipped/>
  </testcase> <!-- NavBarlinksCountTest -->
  <testcase classname="Magento.TestCases.TC01_HomePageTest" name="CreateanAccountClickTest" time="0.0">
    <skipped/>
  </testcase> <!-- CreateanAccountClickTest -->
  <testcase classname="Magento.TestCases.TC02_CreateNewCustomerAccountPageTest" name="createAnAccountPageTitleTest" time="0.0">
    <skipped/>
  </testcase> <!-- createAnAccountPageTitleTest -->
  <testcase classname="Magento.TestCases.TC02_CreateNewCustomerAccountPageTest" name="PersonalInfoTxtTest" time="0.0">
    <skipped/>
  </testcase> <!-- PersonalInfoTxtTest -->
  <testcase classname="Magento.TestCases.TC02_CreateNewCustomerAccountPageTest" name="firstnameTest" time="0.0">
    <skipped/>
  </testcase> <!-- firstnameTest -->
  <testcase classname="Magento.TestCases.TC02_CreateNewCustomerAccountPageTest" name="lastnameTest" time="0.0">
    <skipped/>
  </testcase> <!-- lastnameTest -->
  <testcase classname="Magento.TestCases.TC02_CreateNewCustomerAccountPageTest" name="SignInInformationTxtTest" time="0.001">
    <skipped/>
  </testcase> <!-- SignInInformationTxtTest -->
  <testcase classname="Magento.TestCases.TC02_CreateNewCustomerAccountPageTest" name="EmailTest" time="0.0">
    <skipped/>
  </testcase> <!-- EmailTest -->
  <testcase classname="Magento.TestCases.TC02_CreateNewCustomerAccountPageTest" name="PasswordTest" time="0.001">
    <skipped/>
  </testcase> <!-- PasswordTest -->
  <testcase classname="Magento.TestCases.TC02_CreateNewCustomerAccountPageTest" name="ConfPasswordTest" time="0.0">
    <skipped/>
  </testcase> <!-- ConfPasswordTest -->
  <testcase classname="Magento.TestCases.TC02_CreateNewCustomerAccountPageTest" name="CreateAnAccountButtonTest" time="0.0">
    <skipped/>
  </testcase> <!-- CreateAnAccountButtonTest -->
  <testcase classname="Magento.TestCases.TC03_SignInPageTest" name="SignInConfirmationMSGTest" time="0.0">
    <skipped/>
  </testcase> <!-- SignInConfirmationMSGTest -->
  <testcase classname="Magento.TestCases.TC03_SignInPageTest" name="AccInfoTest" time="0.0">
    <skipped/>
  </testcase> <!-- AccInfoTest -->
  <testcase classname="Magento.TestCases.TC03_SignInPageTest" name="ContactInfoTest" time="0.0">
    <skipped/>
  </testcase> <!-- ContactInfoTest -->
  <testcase classname="Magento.TestCases.TC03_SignInPageTest" name="contactDetailsVisibleTest" time="0.0">
    <skipped/>
  </testcase> <!-- contactDetailsVisibleTest -->
  <testcase classname="Magento.TestCases.TC03_SignInPageTest" name="WelcomeUserTest" time="0.0">
    <skipped/>
  </testcase> <!-- WelcomeUserTest -->
  <testcase classname="Magento.TestCases.TC03_SignInPageTest" name="WelcomeUserVisibleTest" time="0.0">
    <skipped/>
  </testcase> <!-- WelcomeUserVisibleTest -->
  <testcase classname="Magento.TestCases.TC03_SignInPageTest" name="SignInbuttondropTest" time="0.0">
    <skipped/>
  </testcase> <!-- SignInbuttondropTest -->
  <testcase classname="Magento.TestCases.TC03_SignInPageTest" name="SignOutclick" time="0.0">
    <skipped/>
  </testcase> <!-- SignOutclick -->
  <testcase classname="base.magentoBase" name="@BeforeSuite setup" time="0.0">
    <ignored/>
  </testcase> <!-- @BeforeSuite setup -->
  <testcase classname="base.magentoBase" name="@BeforeSuite setup" time="0.0">
    <ignored/>
  </testcase> <!-- @BeforeSuite setup -->
  <testcase classname="base.magentoBase" name="@AfterSuite tearDown" time="0.0">
    <ignored/>
  </testcase> <!-- @AfterSuite tearDown -->
  <testcase classname="base.magentoBase" name="@AfterSuite tearDown" time="0.0">
    <ignored/>
  </testcase> <!-- @AfterSuite tearDown -->
</testsuite> <!-- Test -->
