<?xml version="1.0" encoding="UTF-8"?>
<!-- Generated by org.testng.reporters.JUnitReportReporter -->
<testsuite hostname="C6-LAB-082" failures="0" tests="13" name="TC01_AccountRegistrationPageTest" time="67.801" errors="1" timestamp="2024-09-23T16:46:01 IST" skipped="12">
  <testcase classname="TC01_AccountRegistrationPageTest" name="onAccountRegistrationPageTest" time="0.000">
    <skipped/>
  </testcase> <!-- onAccountRegistrationPageTest -->
  <testcase classname="TC01_AccountRegistrationPageTest" name="setup" time="67.801">
    <error message="Expected condition failed: waiting for title to be &quot;OpenCart - Account Register&quot;. Current title: &quot;Just a moment...&quot; (tried for 60 second(s) with 500 milliseconds interval)
Build info: version: &#039;4.23.1&#039;, revision: &#039;656257d8e9&#039;
System info: os.name: &#039;Windows 10&#039;, os.arch: &#039;amd64&#039;, os.version: &#039;10.0&#039;, java.version: &#039;17.0.7&#039;
Driver info: org.openqa.selenium.chrome.ChromeDriver
Capabilities {acceptInsecureCerts: false, browserName: chrome, browserVersion: 129.0.6668.59, chrome: {chromedriverVersion: 128.0.6613.137 (fe621c5aa2d..., userDataDir: C:\WINDOWS\SystemTemp\scope...}, fedcm:accounts: true, goog:chromeOptions: {debuggerAddress: localhost:52504}, networkConnectionEnabled: false, pageLoadStrategy: normal, platformName: windows, proxy: Proxy(), se:cdp: ws://localhost:52504/devtoo..., se:cdpVersion: 129.0.6668.59, setWindowRect: true, strictFileInteractability: false, timeouts: {implicit: 0, pageLoad: 300000, script: 30000}, unhandledPromptBehavior: dismiss and notify, webauthn:extension:credBlob: true, webauthn:extension:largeBlob: true, webauthn:extension:minPinLength: true, webauthn:extension:prf: true, webauthn:virtualAuthenticators: true}
Session ID: e405dce22a64979881ae089216e107fc" type="org.openqa.selenium.TimeoutException">
      <![CDATA[org.openqa.selenium.TimeoutException: Expected condition failed: waiting for title to be "OpenCart - Account Register". Current title: "Just a moment..." (tried for 60 second(s) with 500 milliseconds interval)
Build info: version: '4.23.1', revision: '656257d8e9'
System info: os.name: 'Windows 10', os.arch: 'amd64', os.version: '10.0', java.version: '17.0.7'
Driver info: org.openqa.selenium.chrome.ChromeDriver
Capabilities {acceptInsecureCerts: false, browserName: chrome, browserVersion: 129.0.6668.59, chrome: {chromedriverVersion: 128.0.6613.137 (fe621c5aa2d..., userDataDir: C:\WINDOWS\SystemTemp\scope...}, fedcm:accounts: true, goog:chromeOptions: {debuggerAddress: localhost:52504}, networkConnectionEnabled: false, pageLoadStrategy: normal, platformName: windows, proxy: Proxy(), se:cdp: ws://localhost:52504/devtoo..., se:cdpVersion: 129.0.6668.59, setWindowRect: true, strictFileInteractability: false, timeouts: {implicit: 0, pageLoad: 300000, script: 30000}, unhandledPromptBehavior: dismiss and notify, webauthn:extension:credBlob: true, webauthn:extension:largeBlob: true, webauthn:extension:minPinLength: true, webauthn:extension:prf: true, webauthn:virtualAuthenticators: true}
Session ID: e405dce22a64979881ae089216e107fc
at org.openqa.selenium.support.ui.WebDriverWait.timeoutException(WebDriverWait.java:84)
at org.openqa.selenium.support.ui.FluentWait.until(FluentWait.java:228)
at opencartUtilities.opencartUtils.waitforAccountRegistrationpage(opencartUtils.java:18)
at TC01_AccountRegistrationPageTest.setup(TC01_AccountRegistrationPageTest.java:39)
at java.base/jdk.internal.reflect.NativeMethodAccessorImpl.invoke0(Native Method)
at java.base/jdk.internal.reflect.NativeMethodAccessorImpl.invoke(NativeMethodAccessorImpl.java:77)
at java.base/jdk.internal.reflect.DelegatingMethodAccessorImpl.invoke(DelegatingMethodAccessorImpl.java:43)
at java.base/java.lang.reflect.Method.invoke(Method.java:568)
at org.testng.internal.invokers.MethodInvocationHelper.invokeMethod(MethodInvocationHelper.java:141)
at org.testng.internal.invokers.MethodInvocationHelper.invokeMethodConsideringTimeout(MethodInvocationHelper.java:71)
at org.testng.internal.invokers.ConfigInvoker.invokeConfigurationMethod(ConfigInvoker.java:400)
at org.testng.internal.invokers.ConfigInvoker.invokeConfigurations(ConfigInvoker.java:333)
at org.testng.internal.invokers.TestMethodWorker.invokeBeforeClassMethods(TestMethodWorker.java:188)
at org.testng.internal.invokers.TestMethodWorker.run(TestMethodWorker.java:128)
at java.base/java.util.ArrayList.forEach(ArrayList.java:1511)
at org.testng.TestRunner.privateRun(TestRunner.java:739)
at org.testng.TestRunner.run(TestRunner.java:614)
at org.testng.SuiteRunner.runTest(SuiteRunner.java:421)
at org.testng.SuiteRunner.runSequentially(SuiteRunner.java:413)
at org.testng.SuiteRunner.privateRun(SuiteRunner.java:373)
at org.testng.SuiteRunner.run(SuiteRunner.java:312)
at org.testng.SuiteRunnerWorker.runSuite(SuiteRunnerWorker.java:52)
at org.testng.SuiteRunnerWorker.run(SuiteRunnerWorker.java:95)
at org.testng.TestNG.runSuitesSequentially(TestNG.java:1274)
at org.testng.TestNG.runSuitesLocally(TestNG.java:1208)
at org.testng.TestNG.runSuites(TestNG.java:1112)
at org.testng.TestNG.run(TestNG.java:1079)
at org.testng.remote.AbstractRemoteTestNG.run(AbstractRemoteTestNG.java:115)
at org.testng.remote.RemoteTestNG.initAndRun(RemoteTestNG.java:293)
at org.testng.remote.RemoteTestNG.main(RemoteTestNG.java:91)
]]>
    </error>
  </testcase> <!-- setup -->
  <testcase classname="TC01_AccountRegistrationPageTest" name="usernameEntryTest" time="0.000">
    <skipped/>
  </testcase> <!-- usernameEntryTest -->
  <testcase classname="TC01_AccountRegistrationPageTest" name="firstnameEntryTest" time="0.000">
    <skipped/>
  </testcase> <!-- firstnameEntryTest -->
  <testcase classname="TC01_AccountRegistrationPageTest" name="LastnameEntryTest" time="0.000">
    <skipped/>
  </testcase> <!-- LastnameEntryTest -->
  <testcase classname="TC01_AccountRegistrationPageTest" name="emailEntryTest" time="0.000">
    <skipped/>
  </testcase> <!-- emailEntryTest -->
  <testcase classname="TC01_AccountRegistrationPageTest" name="selectCountryTest" time="0.000">
    <skipped/>
  </testcase> <!-- selectCountryTest -->
  <testcase classname="TC01_AccountRegistrationPageTest" name="passwordEntryTest" time="0.000">
    <skipped/>
  </testcase> <!-- passwordEntryTest -->
  <testcase classname="TC01_AccountRegistrationPageTest" name="getCaptchaMSGTextTest" time="0.000">
    <skipped/>
  </testcase> <!-- getCaptchaMSGTextTest -->
  <testcase classname="TC01_AccountRegistrationPageTest" name="getCaptchaIconsTest" time="0.000">
    <skipped/>
  </testcase> <!-- getCaptchaIconsTest -->
  <testcase classname="TC01_AccountRegistrationPageTest" name="clickRegisterButtonTest" time="0.000">
    <skipped/>
  </testcase> <!-- clickRegisterButtonTest -->
  <testcase classname="TC01_AccountRegistrationPageTest" name="AccountConfirmationMSGTest" time="0.000">
    <skipped/>
  </testcase> <!-- AccountConfirmationMSGTest -->
  <testcase classname="TC01_AccountRegistrationPageTest" name="clickContinueBtnTest" time="0.000">
    <skipped/>
  </testcase> <!-- clickContinueBtnTest -->
</testsuite> <!-- TC01_AccountRegistrationPageTest -->
